<?xml version="1.0" encoding="UTF-8"?>
<testng-results skipped="0" failed="0" ignored="0" total="1" passed="1">
  <reporter-output>
  </reporter-output>
  <suite name="Default suite" duration-ms="55" started-at="2019-07-23T12:30:02Z" finished-at="2019-07-23T12:30:02Z">
    <groups>
    </groups>
    <test name="Default test" duration-ms="55" started-at="2019-07-23T12:30:02Z" finished-at="2019-07-23T12:30:02Z">
      <class name="a.arrays.Array1">
        <test-method status="PASS" signature="m1()[pri:0, instance:a.arrays.Array1@b97c004]" name="m1" duration-ms="22" started-at="2019-07-23T18:00:02Z" finished-at="2019-07-23T18:00:02Z">
          <reporter-output>
          </reporter-output>
        </test-method> <!-- m1 -->
      </class> <!-- a.arrays.Array1 -->
    </test> <!-- Default test -->
  </suite> <!-- Default suite -->
</testng-results>
