<?xml version="1.0" encoding="UTF-8"?>
<testng-results skipped="0" failed="0" total="1" passed="1">
  <reporter-output>
  </reporter-output>
  <suite name="Default suite" duration-ms="31" started-at="2019-04-16T09:08:09Z" finished-at="2019-04-16T09:08:09Z">
    <groups>
    </groups>
    <test name="Default test" duration-ms="31" started-at="2019-04-16T09:08:09Z" finished-at="2019-04-16T09:08:09Z">
      <class name="practice.AllPractice">
        <test-method status="PASS" signature="f()[pri:0, instance:practice.AllPractice@17ed40e0]" name="f" duration-ms="0" started-at="2019-04-16T14:38:09Z" finished-at="2019-04-16T14:38:09Z">
          <reporter-output>
          </reporter-output>
        </test-method> <!-- f -->
      </class> <!-- practice.AllPractice -->
    </test> <!-- Default test -->
  </suite> <!-- Default suite -->
</testng-results>
